[ 2025-07-21 00:12:42,831] 1025 httpx - INFO - HTTP Request: GET https://dagshub.com/api/v1/user "HTTP/1.1 200 OK"
[ 2025-07-21 00:12:42,836] 107 dagshub - INFO - Accessing as Jashankochar03
[ 2025-07-21 00:12:43,399] 1025 httpx - INFO - HTTP Request: GET https://dagshub.com/api/v1/repos/Jashankochar03/networksecurity "HTTP/1.1 200 OK"
[ 2025-07-21 00:12:43,915] 1025 httpx - INFO - HTTP Request: GET https://dagshub.com/api/v1/user "HTTP/1.1 200 OK"
[ 2025-07-21 00:12:43,917] 107 dagshub - INFO - Initialized MLflow to track repo "Jashankochar03/networksecurity"
[ 2025-07-21 00:12:43,917] 107 dagshub - INFO - Repository Jashankochar03/networksecurity initialized!
[ 2025-07-21 00:13:56,583] 36 root - INFO - Start data Ingestion
[ 2025-07-21 00:14:00,281] 67 root - INFO - Performed train test split on the dataframe
[ 2025-07-21 00:14:00,281] 69 root - INFO - Exited split_data_as_train_test method of Data_Ingestion class
[ 2025-07-21 00:14:00,281] 77 root - INFO - Exporting train and test file path.
[ 2025-07-21 00:14:00,347] 86 root - INFO - Exported train and test file path.
[ 2025-07-21 00:14:00,347] 39 root - INFO - Data Ingestion completed and artifact: DataIngestionArtifact(trained_file_path='Artifacts\\07_21_2025_00_12_40\\data_ingestion\\ingested\\train.csv', test_file_path='Artifacts\\07_21_2025_00_12_40\\data_ingestion\\ingested\\test.csv')
[ 2025-07-21 00:14:00,353] 49 root - INFO - Initiate the data Validation
[ 2025-07-21 00:14:00,427] 32 root - INFO - Required number of columns : 2
[ 2025-07-21 00:14:00,427] 33 root - INFO - Data frame has columns : 31
[ 2025-07-21 00:14:00,427] 32 root - INFO - Required number of columns : 2
[ 2025-07-21 00:14:00,427] 33 root - INFO - Data frame has columns : 31
[ 2025-07-21 00:14:00,583] 63 root - INFO - Entered initiate_data_transformation method of DataTransformation class
[ 2025-07-21 00:14:00,583] 65 root - INFO - Starting data transformation
[ 2025-07-21 00:14:00,608] 48 root - INFO - Entered get_data_trnasformer_object method of Trnasformation class
[ 2025-07-21 00:14:00,608] 53 root - INFO - Initialise KNNImputer with {'missing_values': nan, 'n_neighbors': 3, 'weights': 'uniform'}
[ 2025-07-21 00:14:00,620] 46 root - INFO - Entered the save_object method of MainUtils class
[ 2025-07-21 00:14:00,622] 50 root - INFO - Exited the save_object method of MainUtils class
[ 2025-07-21 00:14:00,622] 46 root - INFO - Entered the save_object method of MainUtils class
[ 2025-07-21 00:14:00,625] 50 root - INFO - Exited the save_object method of MainUtils class
